\BOOKMARK [0][-]{chapter*.2}{\376\377\000L\000i\000s\000t\000\040\000o\000f\000\040\000S\000y\000m\000b\000o\000l\000s\000\040\000a\000n\000d\000\040\000A\000b\000b\000r\000e\000v\000i\000a\000t\000i\000o\000n\000s}{}% 1
\BOOKMARK [0][-]{chapter*.3}{\376\377\000L\000i\000s\000t\000\040\000o\000f\000\040\000F\000i\000g\000u\000r\000e\000s}{}% 2
\BOOKMARK [0][-]{chapter*.4}{\376\377\000L\000i\000s\000t\000\040\000o\000f\000\040\000T\000a\000b\000l\000e\000s}{}% 3
\BOOKMARK [0][-]{chapter.1}{\376\377\000I\000n\000t\000r\000o\000d\000u\000c\000t\000i\000o\000n}{}% 4
\BOOKMARK [1][-]{section.1.1}{\376\377\000S\000y\000s\000t\000e\000m\000\040\000I\000n\000f\000o\000r\000m\000a\000t\000i\000o\000n}{chapter.1}% 5
\BOOKMARK [1][-]{section.1.2}{\376\377\000A\000s\000s\000u\000m\000p\000t\000i\000o\000n\000s}{chapter.1}% 6
\BOOKMARK [0][-]{chapter.2}{\376\377\000P\000r\000o\000b\000l\000e\000m\000\040\0003\000:\000\040\000U\000s\000e\000\040\000C\000a\000s\000e\000\040\000P\000o\000i\000n\000t\000s\000\050\000U\000C\000P\000\051}{}% 7
\BOOKMARK [1][-]{section.2.1}{\376\377\000P\000r\000o\000j\000e\000c\000t\000\040\000E\000s\000t\000i\000m\000a\000t\000i\000o\000n\000\040\000-\000\040\000U\000C\000P}{chapter.2}% 8
\BOOKMARK [1][-]{section.2.2}{\376\377\000P\000r\000o\000j\000e\000c\000t\000\040\000E\000s\000t\000i\000m\000a\000t\000i\000o\000n\000\040\000-\000\040\000C\000O\000C\000O\000M\000O\000\040\0008\0001}{chapter.2}% 9
\BOOKMARK [1][-]{section.2.3}{\376\377\000E\000s\000t\000i\000m\000a\000t\000i\000o\000n\000\040\000-\000\040\000U\000C\000P\000\040\000v\000s\000.\000\040\000C\000O\000C\000O\000M\000O\000\040\0008\0001\000\040\000v\000s\000.\000\040\000A\000c\000t\000u\000a\000l\000\040\000E\000f\000f\000o\000r\000t\000\040}{chapter.2}% 10
\BOOKMARK [0][-]{chapter.3}{\376\377\000P\000r\000o\000b\000l\000e\000m\000\040\0004\000:\000\040\000M\000E\000T\000R\000I\000C\000S\000T\000I\000C\000S\000\040\000S\000y\000s\000t\000e\000m}{}% 11
\BOOKMARK [1][-]{section.3.1}{\376\377\000S\000y\000s\000t\000e\000m\000\040\000I\000m\000p\000l\000e\000m\000e\000n\000t\000a\000t\000i\000o\000n}{chapter.3}% 12
\BOOKMARK [1][-]{section.3.2}{\376\377\000A\000l\000g\000o\000r\000i\000t\000h\000m\000\040\000I\000m\000p\000l\000e\000m\000e\000n\000t\000a\000t\000i\000o\000n\000\040\000O\000f\000\040\000C\000a\000l\000c\000u\000l\000a\000t\000o\000r}{chapter.3}% 13
\BOOKMARK [1][-]{section.3.3}{\376\377\000S\000y\000s\000t\000e\000m\000\040\000T\000e\000s\000t\000i\000n\000g}{chapter.3}% 14
\BOOKMARK [1][-]{section.3.4}{\376\377\000K\000e\000y\000\040\000S\000t\000r\000e\000n\000g\000t\000h\000s\000\040\000o\000f\000\040\000t\000h\000e\000\040\000S\000y\000s\000t\000e\000m}{chapter.3}% 15
\BOOKMARK [0][-]{chapter.4}{\376\377\000P\000r\000o\000b\000l\000e\000m\000\040\0005\000:\000\040\000C\000y\000c\000l\000o\000m\000a\000t\000i\000c\000\040\000N\000u\000m\000b\000e\000r}{}% 16
\BOOKMARK [1][-]{section.4.1}{\376\377\000C\000y\000c\000l\000o\000m\000a\000t\000i\000c\000\040\000C\000o\000m\000p\000l\000e\000x\000i\000t\000y\000\040\000M\000a\000t\000r\000i\000x}{chapter.4}% 17
\BOOKMARK [1][-]{section.4.2}{\376\377\000Q\000u\000a\000l\000i\000t\000a\000t\000i\000v\000e\000\040\000A\000n\000a\000l\000y\000s\000i\000s\000\040\000o\000f\000\040\000C\000y\000c\000l\000o\000m\000a\000t\000i\000c\000\040\000N\000u\000m\000b\000e\000r\000\040\000T\000h\000r\000e\000s\000h\000o\000l\000d\000s}{chapter.4}% 18
\BOOKMARK [0][-]{chapter.5}{\376\377\000P\000r\000o\000b\000l\000e\000m\000\040\0006\000:\000\040\000W\000M\000C\000,\000\040\000C\000F\000,\000\040\000a\000n\000d\000\040\000L\000C\000O\000M\000*}{}% 19
\BOOKMARK [1][-]{section.5.1}{\376\377\000W\000M\000C\000\040\000C\000a\000l\000c\000u\000l\000a\000t\000i\000o\000n\000s}{chapter.5}% 20
\BOOKMARK [1][-]{section.5.2}{\376\377\000C\000F\000\040\000C\000a\000l\000c\000u\000l\000a\000t\000i\000o\000n\000s}{chapter.5}% 21
\BOOKMARK [1][-]{section.5.3}{\376\377\000L\000C\000O\000M\000*\000\040\000C\000a\000l\000c\000u\000l\000a\000t\000i\000o\000n\000s}{chapter.5}% 22
\BOOKMARK [1][-]{section.5.4}{\376\377\000C\000o\000n\000c\000l\000u\000s\000i\000o\000n\000s}{chapter.5}% 23
\BOOKMARK [0][-]{chapter.6}{\376\377\000P\000r\000o\000b\000l\000e\000m\000\040\0007\000:\000\040\000P\000h\000y\000s\000i\000c\000a\000l\000\040\000S\000L\000O\000C\000\040\000v\000s\000.\000\040\000L\000o\000g\000i\000c\000a\000l\000\040\000S\000L\000O\000C}{}% 24
\BOOKMARK [1][-]{section.6.1}{\376\377\000P\000h\000y\000s\000i\000c\000a\000l\000\040\000S\000L\000O\000C\000\040\000C\000a\000l\000c\000u\000l\000a\000t\000i\000o\000n\000s}{chapter.6}% 25
\BOOKMARK [1][-]{section.6.2}{\376\377\000L\000o\000g\000i\000c\000a\000l\000\040\000S\000L\000O\000C\000\040\000C\000a\000l\000c\000u\000l\000a\000t\000i\000o\000n\000s}{chapter.6}% 26
\BOOKMARK [1][-]{section.6.3}{\376\377\000C\000o\000n\000c\000l\000u\000s\000i\000o\000n\000s}{chapter.6}% 27
\BOOKMARK [0][-]{chapter.7}{\376\377\000P\000r\000o\000b\000l\000e\000m\000\040\0008\000:\000\040\000C\000o\000r\000r\000e\000l\000a\000t\000i\000o\000n\000s\000\040\000-\000\040\000L\000o\000g\000i\000c\000a\000l\000\040\000S\000L\000O\000C\000\040\000v\000s\000.\000\040\000W\000M\000C}{}% 28
\BOOKMARK [1][-]{section.7.1}{\376\377\000S\000c\000a\000t\000t\000e\000r\000\040\000P\000l\000o\000t}{chapter.7}% 29
\BOOKMARK [1][-]{section.7.2}{\376\377\000C\000o\000r\000r\000e\000l\000a\000t\000i\000o\000n\000\040\000C\000o\000e\000f\000f\000i\000c\000i\000e\000n\000t}{chapter.7}% 30
\BOOKMARK [0][-]{chapter.8}{\376\377\000R\000e\000f\000e\000r\000e\000n\000c\000e\000s}{}% 31
