This is pdfTeX, Version 3.141592653-2.6-1.40.25 (TeX Live 2023) (preloaded format=pdflatex 2023.11.18)  21 NOV 2023 21:04
entering extended mode
 restricted \write18 enabled.
 %&-line parsing enabled.
**main.tex
(./main.tex
LaTeX2e <2023-11-01>
L3 programming layer <2023-11-09>
(d:/software/texlive/texlive/2023/texmf-dist/tex/latex/base/report.cls
Document Class: report 2023/05/17 v1.4n Standard LaTeX document class
(d:/software/texlive/texlive/2023/texmf-dist/tex/latex/base/size12.clo
File: size12.clo 2023/05/17 v1.4n Standard LaTeX file (size option)
)
\c@part=\count186
\c@chapter=\count187
\c@section=\count188
\c@subsection=\count189
\c@subsubsection=\count190
\c@paragraph=\count191
\c@subparagraph=\count192
\c@figure=\count193
\c@table=\count194
\abovecaptionskip=\skip48
\belowcaptionskip=\skip49
\bibindent=\dimen140
)
(d:/software/texlive/texlive/2023/texmf-dist/tex/latex/base/inputenc.sty
Package: inputenc 2021/02/14 v1.3d Input encoding file
\inpenc@prehook=\toks17
\inpenc@posthook=\toks18
)
(d:/software/texlive/texlive/2023/texmf-dist/tex/latex/base/fontenc.sty
Package: fontenc 2021/04/29 v2.0v Standard LaTeX package
)
(d:/software/texlive/texlive/2023/texmf-dist/tex/generic/babel/babel.sty
Package: babel 2023/11/11 v3.97 The Babel package
\babel@savecnt=\count195
\U@D=\dimen141
\l@unhyphenated=\language89

(d:/software/texlive/texlive/2023/texmf-dist/tex/generic/babel/txtbabel.def)
\bbl@readstream=\read2
\bbl@dirlevel=\count196

(d:/software/texlive/texlive/2023/texmf-dist/tex/generic/babel-english/english.
ldf
Language: english 2017/06/06 v3.3r English support from the babel system
Package babel Info: Hyphen rules for 'canadian' set to \l@english
(babel)             (\language0). Reported on input line 102.
Package babel Info: Hyphen rules for 'australian' set to \l@ukenglish
(babel)             (\language23). Reported on input line 105.
Package babel Info: Hyphen rules for 'newzealand' set to \l@ukenglish
(babel)             (\language23). Reported on input line 108.
))
(d:/software/texlive/texlive/2023/texmf-dist/tex/generic/babel/locale/en/babel-
english.tex
Package babel Info: Importing font and identification data for english
(babel)             from babel-en.ini. Reported on input line 11.
)
(d:/software/texlive/texlive/2023/texmf-dist/tex/latex/amsfonts/amssymb.sty
Package: amssymb 2013/01/14 v3.01 AMS font symbols

(d:/software/texlive/texlive/2023/texmf-dist/tex/latex/amsfonts/amsfonts.sty
Package: amsfonts 2013/01/14 v3.01 Basic AMSFonts support
\@emptytoks=\toks19
\symAMSa=\mathgroup4
\symAMSb=\mathgroup5
LaTeX Font Info:    Redeclaring math symbol \hbar on input line 98.
LaTeX Font Info:    Overwriting math alphabet `\mathfrak' in version `bold'
(Font)                  U/euf/m/n --> U/euf/b/n on input line 106.
))
(d:/software/texlive/texlive/2023/texmf-dist/tex/latex/graphics/graphicx.sty
Package: graphicx 2021/09/16 v1.2d Enhanced LaTeX Graphics (DPC,SPQR)

(d:/software/texlive/texlive/2023/texmf-dist/tex/latex/graphics/keyval.sty
Package: keyval 2022/05/29 v1.15 key=value parser (DPC)
\KV@toks@=\toks20
)
(d:/software/texlive/texlive/2023/texmf-dist/tex/latex/graphics/graphics.sty
Package: graphics 2022/03/10 v1.4e Standard LaTeX Graphics (DPC,SPQR)

(d:/software/texlive/texlive/2023/texmf-dist/tex/latex/graphics/trig.sty
Package: trig 2021/08/11 v1.11 sin cos tan (DPC)
)
(d:/software/texlive/texlive/2023/texmf-dist/tex/latex/graphics-cfg/graphics.cf
g
File: graphics.cfg 2016/06/04 v1.11 sample graphics configuration
)
Package graphics Info: Driver file: pdftex.def on input line 107.

(d:/software/texlive/texlive/2023/texmf-dist/tex/latex/graphics-def/pdftex.def
File: pdftex.def 2022/09/22 v1.2b Graphics/color driver for pdftex
))
\Gin@req@height=\dimen142
\Gin@req@width=\dimen143
)
(d:/software/texlive/texlive/2023/texmf-dist/tex/latex/mathtools/mathtools.sty
Package: mathtools 2022/06/29 v1.29 mathematical typesetting tools

(d:/software/texlive/texlive/2023/texmf-dist/tex/latex/tools/calc.sty
Package: calc 2023/07/08 v4.3 Infix arithmetic (KKT,FJ)
\calc@Acount=\count197
\calc@Bcount=\count198
\calc@Adimen=\dimen144
\calc@Bdimen=\dimen145
\calc@Askip=\skip50
\calc@Bskip=\skip51
LaTeX Info: Redefining \setlength on input line 80.
LaTeX Info: Redefining \addtolength on input line 81.
\calc@Ccount=\count199
\calc@Cskip=\skip52
)
(d:/software/texlive/texlive/2023/texmf-dist/tex/latex/mathtools/mhsetup.sty
Package: mhsetup 2021/03/18 v1.4 programming setup (MH)
)
(d:/software/texlive/texlive/2023/texmf-dist/tex/latex/amsmath/amsmath.sty
Package: amsmath 2023/05/13 v2.17o AMS math features
\@mathmargin=\skip53

For additional information on amsmath, use the `?' option.
(d:/software/texlive/texlive/2023/texmf-dist/tex/latex/amsmath/amstext.sty
Package: amstext 2021/08/26 v2.01 AMS text

(d:/software/texlive/texlive/2023/texmf-dist/tex/latex/amsmath/amsgen.sty
File: amsgen.sty 1999/11/30 v2.0 generic functions
\@emptytoks=\toks21
\ex@=\dimen146
))
(d:/software/texlive/texlive/2023/texmf-dist/tex/latex/amsmath/amsbsy.sty
Package: amsbsy 1999/11/29 v1.2d Bold Symbols
\pmbraise@=\dimen147
)
(d:/software/texlive/texlive/2023/texmf-dist/tex/latex/amsmath/amsopn.sty
Package: amsopn 2022/04/08 v2.04 operator names
)
\inf@bad=\count266
LaTeX Info: Redefining \frac on input line 234.
\uproot@=\count267
\leftroot@=\count268
LaTeX Info: Redefining \overline on input line 399.
LaTeX Info: Redefining \colon on input line 410.
\classnum@=\count269
\DOTSCASE@=\count270
LaTeX Info: Redefining \ldots on input line 496.
LaTeX Info: Redefining \dots on input line 499.
LaTeX Info: Redefining \cdots on input line 620.
\Mathstrutbox@=\box51
\strutbox@=\box52
LaTeX Info: Redefining \big on input line 722.
LaTeX Info: Redefining \Big on input line 723.
LaTeX Info: Redefining \bigg on input line 724.
LaTeX Info: Redefining \Bigg on input line 725.
\big@size=\dimen148
LaTeX Font Info:    Redeclaring font encoding OML on input line 743.
LaTeX Font Info:    Redeclaring font encoding OMS on input line 744.
\macc@depth=\count271
LaTeX Info: Redefining \bmod on input line 905.
LaTeX Info: Redefining \pmod on input line 910.
LaTeX Info: Redefining \smash on input line 940.
LaTeX Info: Redefining \relbar on input line 970.
LaTeX Info: Redefining \Relbar on input line 971.
\c@MaxMatrixCols=\count272
\dotsspace@=\muskip16
\c@parentequation=\count273
\dspbrk@lvl=\count274
\tag@help=\toks22
\row@=\count275
\column@=\count276
\maxfields@=\count277
\andhelp@=\toks23
\eqnshift@=\dimen149
\alignsep@=\dimen150
\tagshift@=\dimen151
\tagwidth@=\dimen152
\totwidth@=\dimen153
\lineht@=\dimen154
\@envbody=\toks24
\multlinegap=\skip54
\multlinetaggap=\skip55
\mathdisplay@stack=\toks25
LaTeX Info: Redefining \[ on input line 2953.
LaTeX Info: Redefining \] on input line 2954.
)
\g_MT_multlinerow_int=\count278
\l_MT_multwidth_dim=\dimen155
\origjot=\skip56
\l_MT_shortvdotswithinadjustabove_dim=\dimen156
\l_MT_shortvdotswithinadjustbelow_dim=\dimen157
\l_MT_above_intertext_sep=\dimen158
\l_MT_below_intertext_sep=\dimen159
\l_MT_above_shortintertext_sep=\dimen160
\l_MT_below_shortintertext_sep=\dimen161
\xmathstrut@box=\box53
\xmathstrut@dim=\dimen162
)
(d:/software/texlive/texlive/2023/texmf-dist/tex/latex/hyperref/nameref.sty
Package: nameref 2023-11-09 v2.55 Cross-referencing by name of section

(d:/software/texlive/texlive/2023/texmf-dist/tex/latex/refcount/refcount.sty
Package: refcount 2019/12/15 v3.6 Data extraction from label references (HO)

(d:/software/texlive/texlive/2023/texmf-dist/tex/generic/ltxcmds/ltxcmds.sty
Package: ltxcmds 2020-05-10 v1.25 LaTeX kernel commands for general use (HO)
)
(d:/software/texlive/texlive/2023/texmf-dist/tex/generic/infwarerr/infwarerr.st
y
Package: infwarerr 2019/12/03 v1.5 Providing info/warning/error messages (HO)
))
(d:/software/texlive/texlive/2023/texmf-dist/tex/generic/gettitlestring/gettitl
estring.sty
Package: gettitlestring 2019/12/15 v1.6 Cleanup title references (HO)

(d:/software/texlive/texlive/2023/texmf-dist/tex/latex/kvoptions/kvoptions.sty
Package: kvoptions 2022-06-15 v3.15 Key value format for package options (HO)

(d:/software/texlive/texlive/2023/texmf-dist/tex/latex/kvsetkeys/kvsetkeys.sty
Package: kvsetkeys 2022-10-05 v1.19 Key value parser (HO)
)))
\c@section@level=\count279
)
(d:/software/texlive/texlive/2023/texmf-dist/tex/latex/hyperref/hyperref.sty
Package: hyperref 2023-11-09 v7.01f Hypertext links for LaTeX

(d:/software/texlive/texlive/2023/texmf-dist/tex/generic/iftex/iftex.sty
Package: iftex 2022/02/03 v1.0f TeX engine tests
)
(d:/software/texlive/texlive/2023/texmf-dist/tex/generic/pdftexcmds/pdftexcmds.
sty
Package: pdftexcmds 2020-06-27 v0.33 Utility functions of pdfTeX for LuaTeX (HO
)
Package pdftexcmds Info: \pdf@primitive is available.
Package pdftexcmds Info: \pdf@ifprimitive is available.
Package pdftexcmds Info: \pdfdraftmode found.
)
(d:/software/texlive/texlive/2023/texmf-dist/tex/generic/kvdefinekeys/kvdefinek
eys.sty
Package: kvdefinekeys 2019-12-19 v1.6 Define keys (HO)
)
(d:/software/texlive/texlive/2023/texmf-dist/tex/generic/pdfescape/pdfescape.st
y
Package: pdfescape 2019/12/09 v1.15 Implements pdfTeX's escape features (HO)
) (d:/software/texlive/texlive/2023/texmf-dist/tex/latex/hycolor/hycolor.sty
Package: hycolor 2020-01-27 v1.10 Color options for hyperref/bookmark (HO)
)
(d:/software/texlive/texlive/2023/texmf-dist/tex/latex/letltxmacro/letltxmacro.
sty
Package: letltxmacro 2019/12/03 v1.6 Let assignment for LaTeX macros (HO)
) (d:/software/texlive/texlive/2023/texmf-dist/tex/latex/auxhook/auxhook.sty
Package: auxhook 2019-12-17 v1.6 Hooks for auxiliary files (HO)
) (d:/software/texlive/texlive/2023/texmf-dist/tex/latex/etoolbox/etoolbox.sty
Package: etoolbox 2020/10/05 v2.5k e-TeX tools for LaTeX (JAW)
\etb@tempcnta=\count280
)
\@linkdim=\dimen163
\Hy@linkcounter=\count281
\Hy@pagecounter=\count282
(d:/software/texlive/texlive/2023/texmf-dist/tex/latex/hyperref/pd1enc.def
File: pd1enc.def 2023-11-09 v7.01f Hyperref: PDFDocEncoding definition (HO)
Now handling font encoding PD1 ...
... no UTF-8 mapping file for font encoding PD1
)
(d:/software/texlive/texlive/2023/texmf-dist/tex/generic/intcalc/intcalc.sty
Package: intcalc 2019/12/15 v1.3 Expandable calculations with integers (HO)
)
\Hy@SavedSpaceFactor=\count283

(d:/software/texlive/texlive/2023/texmf-dist/tex/latex/hyperref/puenc.def
File: puenc.def 2023-11-09 v7.01f Hyperref: PDF Unicode definition (HO)
Now handling font encoding PU ...
... no UTF-8 mapping file for font encoding PU
)
Package hyperref Info: Hyper figures OFF on input line 4171.
Package hyperref Info: Link nesting OFF on input line 4176.
Package hyperref Info: Hyper index ON on input line 4179.
Package hyperref Info: Plain pages OFF on input line 4186.
Package hyperref Info: Backreferencing OFF on input line 4191.
Package hyperref Info: Implicit mode ON; LaTeX internals redefined.
Package hyperref Info: Bookmarks ON on input line 4438.
\c@Hy@tempcnt=\count284

(d:/software/texlive/texlive/2023/texmf-dist/tex/latex/url/url.sty
\Urlmuskip=\muskip17
Package: url 2013/09/16  ver 3.4  Verb mode for urls, etc.
)
LaTeX Info: Redefining \url on input line 4776.
\XeTeXLinkMargin=\dimen164

(d:/software/texlive/texlive/2023/texmf-dist/tex/generic/bitset/bitset.sty
Package: bitset 2019/12/09 v1.3 Handle bit-vector datatype (HO)

(d:/software/texlive/texlive/2023/texmf-dist/tex/generic/bigintcalc/bigintcalc.
sty
Package: bigintcalc 2019/12/15 v1.5 Expandable calculations on big integers (HO
)
))
\Fld@menulength=\count285
\Field@Width=\dimen165
\Fld@charsize=\dimen166
Package hyperref Info: Hyper figures OFF on input line 6055.
Package hyperref Info: Link nesting OFF on input line 6060.
Package hyperref Info: Hyper index ON on input line 6063.
Package hyperref Info: backreferencing OFF on input line 6070.
Package hyperref Info: Link coloring OFF on input line 6075.
Package hyperref Info: Link coloring with OCG OFF on input line 6080.
Package hyperref Info: PDF/A mode OFF on input line 6085.

(d:/software/texlive/texlive/2023/texmf-dist/tex/latex/base/atbegshi-ltx.sty
Package: atbegshi-ltx 2021/01/10 v1.0c Emulation of the original atbegshi
package with kernel methods
)
\Hy@abspage=\count286
\c@Item=\count287
\c@Hfootnote=\count288
)
Package hyperref Info: Driver (autodetected): hpdftex.

(d:/software/texlive/texlive/2023/texmf-dist/tex/latex/hyperref/hpdftex.def
File: hpdftex.def 2023-11-09 v7.01f Hyperref driver for pdfTeX

(d:/software/texlive/texlive/2023/texmf-dist/tex/latex/base/atveryend-ltx.sty
Package: atveryend-ltx 2020/08/19 v1.0a Emulation of the original atveryend pac
kage
with kernel methods
)
\Fld@listcount=\count289
\c@bookmark@seq@number=\count290

(d:/software/texlive/texlive/2023/texmf-dist/tex/latex/rerunfilecheck/rerunfile
check.sty
Package: rerunfilecheck 2022-07-10 v1.10 Rerun checks for auxiliary files (HO)

(d:/software/texlive/texlive/2023/texmf-dist/tex/generic/uniquecounter/uniqueco
unter.sty
Package: uniquecounter 2019/12/15 v1.4 Provide unlimited unique counter (HO)
)
Package uniquecounter Info: New unique counter `rerunfilecheck' on input line 2
85.
)
\Hy@SectionHShift=\skip57
)
(d:/software/texlive/texlive/2023/texmf-dist/tex/latex/enumitem/enumitem.sty
Package: enumitem 2019/06/20 v3.9 Customized lists
\labelindent=\skip58
\enit@outerparindent=\dimen167
\enit@toks=\toks26
\enit@inbox=\box54
\enit@count@id=\count291
\enitdp@description=\count292
)
(d:/software/texlive/texlive/2023/texmf-dist/tex/latex/tools/tabularx.sty
Package: tabularx 2023/07/08 v2.11c `tabularx' package (DPC)

(d:/software/texlive/texlive/2023/texmf-dist/tex/latex/tools/array.sty
Package: array 2023/10/16 v2.5g Tabular extension package (FMi)
\col@sep=\dimen168
\ar@mcellbox=\box55
\extrarowheight=\dimen169
\NC@list=\toks27
\extratabsurround=\skip59
\backup@length=\skip60
\ar@cellbox=\box56
)
\TX@col@width=\dimen170
\TX@old@table=\dimen171
\TX@old@col=\dimen172
\TX@target=\dimen173
\TX@delta=\dimen174
\TX@cols=\count293
\TX@ftn=\toks28
)
(d:/software/texlive/texlive/2023/texmf-dist/tex/latex/booktabs/booktabs.sty
Package: booktabs 2020/01/12 v1.61803398 Publication quality tables
\heavyrulewidth=\dimen175
\lightrulewidth=\dimen176
\cmidrulewidth=\dimen177
\belowrulesep=\dimen178
\belowbottomsep=\dimen179
\aboverulesep=\dimen180
\abovetopsep=\dimen181
\cmidrulesep=\dimen182
\cmidrulekern=\dimen183
\defaultaddspace=\dimen184
\@cmidla=\count294
\@cmidlb=\count295
\@aboverulesep=\dimen185
\@belowrulesep=\dimen186
\@thisruleclass=\count296
\@lastruleclass=\count297
\@thisrulewidth=\dimen187
)
(d:/software/texlive/texlive/2023/texmf-dist/tex/latex/tools/longtable.sty
Package: longtable 2023-11-01 v4.19 Multi-page Table package (DPC)
\LTleft=\skip61
\LTright=\skip62
\LTpre=\skip63
\LTpost=\skip64
\LTchunksize=\count298
\LTcapwidth=\dimen188
\LT@head=\box57
\LT@firsthead=\box58
\LT@foot=\box59
\LT@lastfoot=\box60
\LT@gbox=\box61
\LT@cols=\count299
\LT@rows=\count300
\c@LT@tables=\count301
\c@LT@chunks=\count302
\LT@p@ftn=\toks29
)
(d:/software/texlive/texlive/2023/texmf-dist/tex/latex/adjustbox/adjustbox.sty
Package: adjustbox 2022/10/17 v1.3a Adjusting TeX boxes (trim, clip, ...)

(d:/software/texlive/texlive/2023/texmf-dist/tex/latex/xkeyval/xkeyval.sty
Package: xkeyval 2022/06/16 v2.9 package option processing (HA)

(d:/software/texlive/texlive/2023/texmf-dist/tex/generic/xkeyval/xkeyval.tex
(d:/software/texlive/texlive/2023/texmf-dist/tex/generic/xkeyval/xkvutils.tex
\XKV@toks=\toks30
\XKV@tempa@toks=\toks31
)
\XKV@depth=\count303
File: xkeyval.tex 2014/12/03 v2.7a key=value parser (HA)
)) (d:/software/texlive/texlive/2023/texmf-dist/tex/latex/adjustbox/adjcalc.sty
Package: adjcalc 2012/05/16 v1.1 Provides advanced setlength with multiple back
-ends (calc, etex, pgfmath)
) (d:/software/texlive/texlive/2023/texmf-dist/tex/latex/adjustbox/trimclip.sty
Package: trimclip 2020/08/19 v1.2 Trim and clip general TeX material

(d:/software/texlive/texlive/2023/texmf-dist/tex/latex/collectbox/collectbox.st
y
Package: collectbox 2022/10/17 v0.4c Collect macro arguments as boxes
\collectedbox=\box62
)
\tc@llx=\dimen189
\tc@lly=\dimen190
\tc@urx=\dimen191
\tc@ury=\dimen192
Package trimclip Info: Using driver 'tc-pdftex.def'.

(d:/software/texlive/texlive/2023/texmf-dist/tex/latex/adjustbox/tc-pdftex.def
File: tc-pdftex.def 2019/01/04 v2.2 Clipping driver for pdftex
))
\adjbox@Width=\dimen193
\adjbox@Height=\dimen194
\adjbox@Depth=\dimen195
\adjbox@Totalheight=\dimen196
\adjbox@pwidth=\dimen197
\adjbox@pheight=\dimen198
\adjbox@pdepth=\dimen199
\adjbox@ptotalheight=\dimen256

(d:/software/texlive/texlive/2023/texmf-dist/tex/latex/ifoddpage/ifoddpage.sty
Package: ifoddpage 2022/10/18 v1.2 Conditionals for odd/even page detection
\c@checkoddpage=\count304
) (d:/software/texlive/texlive/2023/texmf-dist/tex/latex/varwidth/varwidth.sty
Package: varwidth 2009/03/30 ver 0.92;  Variable-width minipages
\@vwid@box=\box63
\sift@deathcycles=\count305
\@vwid@loff=\dimen257
\@vwid@roff=\dimen258
)) (d:/software/texlive/texlive/2023/texmf-dist/tex/latex/multirow/multirow.sty
Package: multirow 2021/03/15 v2.8 Span multiple rows of a table
\multirow@colwidth=\skip65
\multirow@cntb=\count306
\multirow@dima=\skip66
\bigstrutjot=\dimen259
)
(d:/software/texlive/texlive/2023/texmf-dist/tex/latex/geometry/geometry.sty
Package: geometry 2020/01/02 v5.9 Page Geometry

(d:/software/texlive/texlive/2023/texmf-dist/tex/generic/iftex/ifvtex.sty
Package: ifvtex 2019/10/25 v1.7 ifvtex legacy package. Use iftex instead.
)
\Gm@cnth=\count307
\Gm@cntv=\count308
\c@Gm@tempcnt=\count309
\Gm@bindingoffset=\dimen260
\Gm@wd@mp=\dimen261
\Gm@odd@mp=\dimen262
\Gm@even@mp=\dimen263
\Gm@layoutwidth=\dimen264
\Gm@layoutheight=\dimen265
\Gm@layouthoffset=\dimen266
\Gm@layoutvoffset=\dimen267
\Gm@dimlist=\toks32
)
(d:/software/texlive/texlive/2023/texmf-dist/tex/latex/setspace/setspace.sty
Package: setspace 2022/12/04 v6.7b set line spacing
)
(d:/software/texlive/texlive/2023/texmf-dist/tex/latex/listings/listings.sty
\lst@mode=\count310
\lst@gtempboxa=\box64
\lst@token=\toks33
\lst@length=\count311
\lst@currlwidth=\dimen268
\lst@column=\count312
\lst@pos=\count313
\lst@lostspace=\dimen269
\lst@width=\dimen270
\lst@newlines=\count314
\lst@lineno=\count315
\lst@maxwidth=\dimen271

(d:/software/texlive/texlive/2023/texmf-dist/tex/latex/listings/lstmisc.sty
File: lstmisc.sty 2023/02/27 1.9 (Carsten Heinz)
\c@lstnumber=\count316
\lst@skipnumbers=\count317
\lst@framebox=\box65
)
(d:/software/texlive/texlive/2023/texmf-dist/tex/latex/listings/listings.cfg
File: listings.cfg 2023/02/27 1.9 listings configuration
))
Package: listings 2023/02/27 1.9 (Carsten Heinz)

(d:/software/texlive/texlive/2023/texmf-dist/tex/latex/xcolor/xcolor.sty
Package: xcolor 2023/11/15 v3.01 LaTeX color extensions (UK)

(d:/software/texlive/texlive/2023/texmf-dist/tex/latex/graphics-cfg/color.cfg
File: color.cfg 2016/01/02 v1.6 sample color configuration
)
Package xcolor Info: Driver file: pdftex.def on input line 274.

(d:/software/texlive/texlive/2023/texmf-dist/tex/latex/graphics/mathcolor.ltx)
Package xcolor Info: Model `cmy' substituted by `cmy0' on input line 1350.
Package xcolor Info: Model `hsb' substituted by `rgb' on input line 1354.
Package xcolor Info: Model `RGB' extended on input line 1366.
Package xcolor Info: Model `HTML' substituted by `rgb' on input line 1368.
Package xcolor Info: Model `Hsb' substituted by `hsb' on input line 1369.
Package xcolor Info: Model `tHsb' substituted by `hsb' on input line 1370.
Package xcolor Info: Model `HSB' substituted by `hsb' on input line 1371.
Package xcolor Info: Model `Gray' substituted by `gray' on input line 1372.
Package xcolor Info: Model `wave' substituted by `hsb' on input line 1373.
)
(d:/software/texlive/texlive/2023/texmf-dist/tex/latex/l3backend/l3backend-pdft
ex.def
File: l3backend-pdftex.def 2023-11-09 L3 backend support: PDF output (pdfTeX)
\l__color_backend_stack_int=\count318
\l__pdf_internal_box=\box66
) (./main.aux)
\openout1 = `main.aux'.

LaTeX Font Info:    Checking defaults for OML/cmm/m/it on input line 61.
LaTeX Font Info:    ... okay on input line 61.
LaTeX Font Info:    Checking defaults for OMS/cmsy/m/n on input line 61.
LaTeX Font Info:    ... okay on input line 61.
LaTeX Font Info:    Checking defaults for OT1/cmr/m/n on input line 61.
LaTeX Font Info:    ... okay on input line 61.
LaTeX Font Info:    Checking defaults for T1/cmr/m/n on input line 61.
LaTeX Font Info:    ... okay on input line 61.
LaTeX Font Info:    Checking defaults for TS1/cmr/m/n on input line 61.
LaTeX Font Info:    ... okay on input line 61.
LaTeX Font Info:    Checking defaults for OMX/cmex/m/n on input line 61.
LaTeX Font Info:    ... okay on input line 61.
LaTeX Font Info:    Checking defaults for U/cmr/m/n on input line 61.
LaTeX Font Info:    ... okay on input line 61.
LaTeX Font Info:    Checking defaults for PD1/pdf/m/n on input line 61.
LaTeX Font Info:    ... okay on input line 61.
LaTeX Font Info:    Checking defaults for PU/pdf/m/n on input line 61.
LaTeX Font Info:    ... okay on input line 61.

(d:/software/texlive/texlive/2023/texmf-dist/tex/context/base/mkii/supp-pdf.mki
i
[Loading MPS to PDF converter (version 2006.09.02).]
\scratchcounter=\count319
\scratchdimen=\dimen272
\scratchbox=\box67
\nofMPsegments=\count320
\nofMParguments=\count321
\everyMPshowfont=\toks34
\MPscratchCnt=\count322
\MPscratchDim=\dimen273
\MPnumerator=\count323
\makeMPintoPDFobject=\count324
\everyMPtoPDFconversion=\toks35
)
(d:/software/texlive/texlive/2023/texmf-dist/tex/latex/epstopdf-pkg/epstopdf-ba
se.sty
Package: epstopdf-base 2020-01-24 v2.11 Base part for package epstopdf
Package epstopdf-base Info: Redefining graphics rule for `.eps' on input line 4
85.

(d:/software/texlive/texlive/2023/texmf-dist/tex/latex/latexconfig/epstopdf-sys
.cfg
File: epstopdf-sys.cfg 2010/07/13 v1.3 Configuration of (r)epstopdf for TeX Liv
e
))
Package hyperref Info: Link coloring OFF on input line 61.
 (./main.out) (./main.out)
\@outlinefile=\write3
\openout3 = `main.out'.


*geometry* driver: auto-detecting
*geometry* detected driver: pdftex
*geometry* verbose mode - [ preamble ] result:
* driver: pdftex
* paper: a4paper
* layout: <same size as paper>
* layoutoffset:(h,v)=(0.0pt,0.0pt)
* modes: 
* h-part:(L,W,R)=(72.26999pt, 452.9679pt, 72.26999pt)
* v-part:(T,H,B)=(72.26999pt, 700.50687pt, 72.26999pt)
* \paperwidth=597.50787pt
* \paperheight=845.04684pt
* \textwidth=452.9679pt
* \textheight=700.50687pt
* \oddsidemargin=0.0pt
* \evensidemargin=0.0pt
* \topmargin=-37.0pt
* \headheight=12.0pt
* \headsep=25.0pt
* \topskip=12.0pt
* \footskip=30.0pt
* \marginparwidth=35.0pt
* \marginparsep=10.0pt
* \columnsep=10.0pt
* \skip\footins=10.8pt plus 4.0pt minus 2.0pt
* \hoffset=0.0pt
* \voffset=0.0pt
* \mag=1000
* \@twocolumnfalse
* \@twosidefalse
* \@mparswitchfalse
* \@reversemarginfalse
* (1in=72.27pt=25.4mm, 1cm=28.453pt)

\c@lstlisting=\count325
<concordia.jpg, id=128, 438.70944pt x 139.9595pt>
File: concordia.jpg Graphic file (type jpg)
<use concordia.jpg>
Package pdftex.def Info: concordia.jpg  used on input line 86.
(pdftex.def)             Requested size: 227.62204pt x 72.61703pt.
LaTeX Font Info:    Trying to load font information for T1+cmtt on input line 8
9.
(d:/software/texlive/texlive/2023/texmf-dist/tex/latex/base/t1cmtt.fd
File: t1cmtt.fd 2023/04/13 v2.5m Standard LaTeX font definitions
)
LaTeX Font Info:    Trying to load font information for U+msa on input line 89.


(d:/software/texlive/texlive/2023/texmf-dist/tex/latex/amsfonts/umsa.fd
File: umsa.fd 2013/01/14 v3.01 AMS symbols A
)
LaTeX Font Info:    Trying to load font information for U+msb on input line 89.


(d:/software/texlive/texlive/2023/texmf-dist/tex/latex/amsfonts/umsb.fd
File: umsb.fd 2013/01/14 v3.01 AMS symbols B
)
[1

{d:/software/texlive/texlive/2023/texmf-var/fonts/map/pdftex/updmap/pdftex.map}
{d:/software/texlive/texlive/2023/texmf-dist/fonts/enc/dvips/cm-super/cm-super-
t1.enc} <./concordia.jpg>] (./main.toc [1

])
\tf@toc=\write4
\openout4 = `main.toc'.


pdfTeX warning (ext4): destination with the same identifier (name{page.}) has b
een already used, duplicate ignored
<to be read again> 
                   \relax 
l.98 	\clearpage
                 [2]
pdfTeX warning (ext4): destination with the same identifier (name{page.1}) has 
been already used, duplicate ignored
<to be read again> 
                   \relax 
l.124 	\listoffigures
                     \addcontentsline{toc}{chapter}{List of Figures} [1


]
(./main.lof)
\tf@lof=\write5
\openout5 = `main.lof'.

 [2

] (./main.lot [3

])
\tf@lot=\write6
\openout6 = `main.lot'.

 [4]
Chapter 1.
[5

] [6{d:/software/texlive/texlive/2023/texmf-dist/fonts/enc/dvips/cm-super/cm-su
per-ts1.enc}]
Chapter 2.
[7

] [8] [9] [10] [11] [12] [13]
Chapter 3.
[14

]
<images/login.jpg, id=366, 454.69875pt x 349.305pt>
File: images/login.jpg Graphic file (type jpg)
<use images/login.jpg>
Package pdftex.def Info: images/login.jpg  used on input line 455.
(pdftex.def)             Requested size: 362.37569pt x 278.38371pt.
<images/main.jpg, id=367, 1508.63625pt x 951.555pt>
File: images/main.jpg Graphic file (type jpg)
<use images/main.jpg>
Package pdftex.def Info: images/main.jpg  used on input line 462.
(pdftex.def)             Requested size: 362.37569pt x 228.5521pt.


LaTeX Warning: `h' float specifier changed to `ht'.

<images/data.jpg, id=368, 1508.63625pt x 950.55125pt>
File: images/data.jpg Graphic file (type jpg)
<use images/data.jpg>
Package pdftex.def Info: images/data.jpg  used on input line 469.
(pdftex.def)             Requested size: 362.37569pt x 228.311pt.

LaTeX Warning: `h' float specifier changed to `ht'.

[15 <./images/login.jpg>] [16 <./images/main.jpg>] [17 <./images/data.jpg>]
<images/code.jpg, id=383, 450.68375pt x 582.175pt>
File: images/code.jpg Graphic file (type jpg)
<use images/code.jpg>
Package pdftex.def Info: images/code.jpg  used on input line 501.
(pdftex.def)             Requested size: 362.37569pt x 468.12135pt.


LaTeX Warning: `h' float specifier changed to `ht'.

(d:/software/texlive/texlive/2023/texmf-dist/tex/latex/listings/lstlang1.sty
File: lstlang1.sty 2023/02/27 1.9 listings language file
)
Package hyperref Info: bookmark level for unknown lstlisting defaults to 0 on i
nput line 514.

[18] [19] [20] [21] [22] [23] [24]
<images/autotest.jpg, id=576, 1927.2pt x 950.55125pt>
File: images/autotest.jpg Graphic file (type jpg)
<use images/autotest.jpg>
Package pdftex.def Info: images/autotest.jpg  used on input line 743.
(pdftex.def)             Requested size: 362.37569pt x 178.72105pt.


LaTeX Warning: `h' float specifier changed to `ht'.

<images/testcode.jpg, id=577, 812.03375pt x 745.78625pt>
File: images/testcode.jpg Graphic file (type jpg)
<use images/testcode.jpg>
Package pdftex.def Info: images/testcode.jpg  used on input line 750.
(pdftex.def)             Requested size: 362.37569pt x 332.80128pt.

LaTeX Warning: `h' float specifier changed to `ht'.


Underfull \hbox (badness 10000) in paragraph at lines 772--773

 []


Underfull \hbox (badness 2057) in paragraph at lines 774--778
\T1/cmr/m/n/12 2. En-ter the user-name
 []


Underfull \hbox (badness 2443) in paragraph at lines 774--778
\T1/cmr/m/n/12 3. En-ter the pass-word
 []


Underfull \hbox (badness 10000) in paragraph at lines 774--778

 []


Underfull \hbox (badness 10000) in paragraph at lines 780--781

 []

<images/t_login.jpg, id=578, 454.69875pt x 348.30125pt>
File: images/t_login.jpg Graphic file (type jpg)
<use images/t_login.jpg>
Package pdftex.def Info: images/t_login.jpg  used on input line 785.
(pdftex.def)             Requested size: 113.81102pt x 87.17607pt.
<images/t_main.jpg, id=579, 1508.63625pt x 951.555pt>
File: images/t_main.jpg Graphic file (type jpg)
<use images/t_main.jpg>
Package pdftex.def Info: images/t_main.jpg  used on input line 786.
(pdftex.def)             Requested size: 113.81102pt x 71.7846pt.

Underfull \hbox (badness 10000) in paragraph at lines 785--787

 []


Underfull \hbox (badness 10000) in paragraph at lines 793--794

 []


Underfull \hbox (badness 1314) in paragraph at lines 795--798
[]\T1/cmr/m/n/12 1. Se-lect the op-tion of
 []


Underfull \hbox (badness 7504) in paragraph at lines 795--798
\T1/cmr/m/n/12 "En-ter Data" from the
 []


Underfull \hbox (badness 10000) in paragraph at lines 795--798

 []


Underfull \hbox (badness 10000) in paragraph at lines 799--800

 []

<images/t_enterdata.jpg, id=580, 1508.63625pt x 951.555pt>
File: images/t_enterdata.jpg Graphic file (type jpg)
<use images/t_enterdata.jpg>
Package pdftex.def Info: images/t_enterdata.jpg  used on input line 804.
(pdftex.def)             Requested size: 113.81102pt x 71.7846pt.
<images/t_enterdata1.jpg, id=581, 1508.63625pt x 951.555pt>
File: images/t_enterdata1.jpg Graphic file (type jpg)
<use images/t_enterdata1.jpg>
Package pdftex.def Info: images/t_enterdata1.jpg  used on input line 805.
(pdftex.def)             Requested size: 113.81102pt x 71.7846pt.
<images/t_enterdata2.jpg, id=582, 1508.63625pt x 951.555pt>
File: images/t_enterdata2.jpg Graphic file (type jpg)
<use images/t_enterdata2.jpg>
Package pdftex.def Info: images/t_enterdata2.jpg  used on input line 806.
(pdftex.def)             Requested size: 113.81102pt x 71.7846pt.

Underfull \hbox (badness 10000) in paragraph at lines 804--807

 []


Underfull \hbox (badness 10000) in paragraph at lines 814--815

 []


Underfull \hbox (badness 1314) in paragraph at lines 816--819
[]\T1/cmr/m/n/12 1. Se-lect the op-tion of
 []


Underfull \hbox (badness 10000) in paragraph at lines 816--819

 []


Underfull \hbox (badness 10000) in paragraph at lines 820--821

 []

<images/t_generatedata1.jpg, id=583, 1508.63625pt x 951.555pt>
File: images/t_generatedata1.jpg Graphic file (type jpg)
<use images/t_generatedata1.jpg>
Package pdftex.def Info: images/t_generatedata1.jpg  used on input line 825.
(pdftex.def)             Requested size: 113.81102pt x 71.7846pt.
<images/t_generatedata2.jpg, id=584, 1508.63625pt x 951.555pt>
File: images/t_generatedata2.jpg Graphic file (type jpg)
<use images/t_generatedata2.jpg>
Package pdftex.def Info: images/t_generatedata2.jpg  used on input line 826.
(pdftex.def)             Requested size: 113.81102pt x 71.7846pt.
<images/t_generatedata3.jpg, id=585, 1508.63625pt x 951.555pt>
File: images/t_generatedata3.jpg Graphic file (type jpg)
<use images/t_generatedata3.jpg>
Package pdftex.def Info: images/t_generatedata3.jpg  used on input line 827.
(pdftex.def)             Requested size: 113.81102pt x 71.7846pt.

Underfull \hbox (badness 10000) in paragraph at lines 825--828

 []


Underfull \hbox (badness 10000) in paragraph at lines 831--831
[]|\T1/cmr/m/n/12 Import data
 []


Underfull \hbox (badness 10000) in paragraph at lines 834--835

 []


Underfull \hbox (badness 1314) in paragraph at lines 836--839
[]\T1/cmr/m/n/12 1. Se-lect the op-tion of
 []


Underfull \hbox (badness 1881) in paragraph at lines 836--839
\T1/cmr/m/n/12 2. Se-lect cvs file from
 []


Underfull \hbox (badness 10000) in paragraph at lines 836--839

 []


Underfull \hbox (badness 10000) in paragraph at lines 840--841

 []

<images/t_csv1.jpg, id=586, 1508.63625pt x 950.55125pt>
File: images/t_csv1.jpg Graphic file (type jpg)
<use images/t_csv1.jpg>
Package pdftex.def Info: images/t_csv1.jpg  used on input line 845.
(pdftex.def)             Requested size: 113.81102pt x 71.70888pt.
<images/t_csv2.jpg, id=587, 1508.63625pt x 950.55125pt>
File: images/t_csv2.jpg Graphic file (type jpg)
<use images/t_csv2.jpg>
Package pdftex.def Info: images/t_csv2.jpg  used on input line 846.
(pdftex.def)             Requested size: 113.81102pt x 71.70888pt.
<images/t_csv3.jpg, id=588, 1508.63625pt x 950.55125pt>
File: images/t_csv3.jpg Graphic file (type jpg)
<use images/t_csv3.jpg>
Package pdftex.def Info: images/t_csv3.jpg  used on input line 847.
(pdftex.def)             Requested size: 113.81102pt x 71.70888pt.

Underfull \hbox (badness 10000) in paragraph at lines 845--848

 []


Underfull \hbox (badness 10000) in paragraph at lines 851--851
[]|\T1/cmr/m/n/12 Analyze
 []


Underfull \hbox (badness 10000) in paragraph at lines 851--851
\T1/cmr/m/n/12 Data(show
 []


Underfull \hbox (badness 10000) in paragraph at lines 851--851
\T1/cmr/m/n/12 Bar Chart,Box
 []


Underfull \hbox (badness 2573) in paragraph at lines 851--851
\T1/cmr/m/n/12 Plot, and His-
 []


Underfull \hbox (badness 10000) in paragraph at lines 854--855

 []


Underfull \hbox (badness 10000) in paragraph at lines 856--863

 []


Underfull \hbox (badness 10000) in paragraph at lines 864--865

 []


Underfull \hbox (badness 2717) in paragraph at lines 866--867
[]\T1/cmr/m/n/12 The anal-y-sis re-sults and
 []


Underfull \hbox (badness 10000) in paragraph at lines 866--867
\T1/cmr/m/n/12 cor-re-spond-ing chart dis-
 []

<images/a1.jpg, id=589, 1508.63625pt x 951.555pt>
File: images/a1.jpg Graphic file (type jpg)
<use images/a1.jpg>
Package pdftex.def Info: images/a1.jpg  used on input line 869.
(pdftex.def)             Requested size: 113.81102pt x 71.7846pt.
<images/a2.jpg, id=590, 1508.63625pt x 951.555pt>
File: images/a2.jpg Graphic file (type jpg)
<use images/a2.jpg>
Package pdftex.def Info: images/a2.jpg  used on input line 870.
(pdftex.def)             Requested size: 113.81102pt x 71.7846pt.
<images/a3.jpg, id=591, 1508.63625pt x 951.555pt>
File: images/a3.jpg Graphic file (type jpg)
<use images/a3.jpg>
Package pdftex.def Info: images/a3.jpg  used on input line 871.
(pdftex.def)             Requested size: 113.81102pt x 71.7846pt.

Underfull \hbox (badness 10000) in paragraph at lines 869--872

 []


Underfull \hbox (badness 10000) in paragraph at lines 875--875
[]|\T1/cmr/m/n/12 Analyze
 []


Underfull \hbox (badness 10000) in paragraph at lines 875--875
\T1/cmr/m/n/12 Data(Dot
 []


Underfull \hbox (badness 10000) in paragraph at lines 878--879

 []


Underfull \hbox (badness 10000) in paragraph at lines 880--887

 []


Underfull \hbox (badness 10000) in paragraph at lines 888--889

 []


Underfull \hbox (badness 2717) in paragraph at lines 890--891
[]\T1/cmr/m/n/12 The anal-y-sis re-sults and
 []


Underfull \hbox (badness 10000) in paragraph at lines 890--891
\T1/cmr/m/n/12 cor-re-spond-ing chart dis-
 []

<images/a4.jpg, id=592, 1508.63625pt x 951.555pt>
File: images/a4.jpg Graphic file (type jpg)
<use images/a4.jpg>
Package pdftex.def Info: images/a4.jpg  used on input line 893.
(pdftex.def)             Requested size: 113.81102pt x 71.7846pt.
<images/a5.jpg, id=593, 1508.63625pt x 951.555pt>
File: images/a5.jpg Graphic file (type jpg)
<use images/a5.jpg>
Package pdftex.def Info: images/a5.jpg  used on input line 894.
(pdftex.def)             Requested size: 113.81102pt x 71.7846pt.
<images/a6.jpg, id=594, 1508.63625pt x 951.555pt>
File: images/a6.jpg Graphic file (type jpg)
<use images/a6.jpg>
Package pdftex.def Info: images/a6.jpg  used on input line 895.
(pdftex.def)             Requested size: 113.81102pt x 71.7846pt.

Underfull \hbox (badness 10000) in paragraph at lines 893--896

 []


Underfull \hbox (badness 3525) in paragraph at lines 899--899
[]|\T1/cmr/m/n/12 Display his-tor-i-
 []


Underfull \hbox (badness 10000) in paragraph at lines 902--903

 []


Underfull \hbox (badness 10000) in paragraph at lines 904--906

 []


Underfull \hbox (badness 10000) in paragraph at lines 907--908

 []

<images/olddata1.jpg, id=595, 1508.63625pt x 950.55125pt>
File: images/olddata1.jpg Graphic file (type jpg)
<use images/olddata1.jpg>
Package pdftex.def Info: images/olddata1.jpg  used on input line 912.
(pdftex.def)             Requested size: 113.81102pt x 71.70888pt.
<images/olddata2.jpg, id=596, 1508.63625pt x 950.55125pt>
File: images/olddata2.jpg Graphic file (type jpg)
<use images/olddata2.jpg>
Package pdftex.def Info: images/olddata2.jpg  used on input line 913.
(pdftex.def)             Requested size: 113.81102pt x 71.70888pt.
<images/olddata3.jpg, id=597, 1508.63625pt x 950.55125pt>
File: images/olddata3.jpg Graphic file (type jpg)
<use images/olddata3.jpg>
Package pdftex.def Info: images/olddata3.jpg  used on input line 914.
(pdftex.def)             Requested size: 113.81102pt x 71.70888pt.

Underfull \hbox (badness 10000) in paragraph at lines 912--915

 []


Underfull \hbox (badness 10000) in paragraph at lines 921--922

 []


Underfull \hbox (badness 10000) in paragraph at lines 923--926

 []


Underfull \hbox (badness 10000) in paragraph at lines 927--928

 []

<images/ed1.jpg, id=598, 1508.63625pt x 951.555pt>
File: images/ed1.jpg Graphic file (type jpg)
<use images/ed1.jpg>
Package pdftex.def Info: images/ed1.jpg  used on input line 932.
(pdftex.def)             Requested size: 113.81102pt x 71.7846pt.
<images/ed2.jpg, id=599, 1508.63625pt x 951.555pt>
File: images/ed2.jpg Graphic file (type jpg)
<use images/ed2.jpg>
Package pdftex.def Info: images/ed2.jpg  used on input line 933.
(pdftex.def)             Requested size: 113.81102pt x 71.7846pt.
<images/ed3.jpg, id=600, 1508.63625pt x 951.555pt>
File: images/ed3.jpg Graphic file (type jpg)
<use images/ed3.jpg>
Package pdftex.def Info: images/ed3.jpg  used on input line 934.
(pdftex.def)             Requested size: 113.81102pt x 71.7846pt.
<images/ed4.jpg, id=601, 615.29875pt x 330.23375pt>
File: images/ed4.jpg Graphic file (type jpg)
<use images/ed4.jpg>
Package pdftex.def Info: images/ed4.jpg  used on input line 935.
(pdftex.def)             Requested size: 113.81102pt x 61.0822pt.
<images/ed5.jpg, id=602, 413.545pt x 317.185pt>
File: images/ed5.jpg Graphic file (type jpg)
<use images/ed5.jpg>
Package pdftex.def Info: images/ed5.jpg  used on input line 936.
(pdftex.def)             Requested size: 113.81102pt x 87.29147pt.

Underfull \hbox (badness 10000) in paragraph at lines 932--937

 []


Underfull \hbox (badness 10000) in paragraph at lines 940--940
[]|\T1/cmr/m/n/12 Analyze high
 []


Underfull \hbox (badness 10000) in paragraph at lines 943--944

 []


Underfull \hbox (badness 10000) in paragraph at lines 945--953

 []


Underfull \hbox (badness 10000) in paragraph at lines 954--955

 []


Underfull \hbox (badness 2469) in paragraph at lines 956--957
\T1/cmr/m/n/12 in the back-end and al-
 []


Underfull \hbox (badness 1092) in paragraph at lines 956--957
\T1/cmr/m/n/12 popup win-dow to re-mind
 []

<images/ll1.jpg, id=603, 1508.63625pt x 950.55125pt>
File: images/ll1.jpg Graphic file (type jpg)
<use images/ll1.jpg>
Package pdftex.def Info: images/ll1.jpg  used on input line 959.
(pdftex.def)             Requested size: 113.81102pt x 71.70888pt.
<images/ll2.jpg, id=604, 1508.63625pt x 950.55125pt>
File: images/ll2.jpg Graphic file (type jpg)
<use images/ll2.jpg>
Package pdftex.def Info: images/ll2.jpg  used on input line 960.
(pdftex.def)             Requested size: 113.81102pt x 71.70888pt.
<images/ll3.jpg, id=605, 1508.63625pt x 951.555pt>
File: images/ll3.jpg Graphic file (type jpg)
<use images/ll3.jpg>
Package pdftex.def Info: images/ll3.jpg  used on input line 961.
(pdftex.def)             Requested size: 113.81102pt x 71.7846pt.
<images/ll4.jpg, id=606, 1508.63625pt x 950.55125pt>
File: images/ll4.jpg Graphic file (type jpg)
<use images/ll4.jpg>
Package pdftex.def Info: images/ll4.jpg  used on input line 962.
(pdftex.def)             Requested size: 113.81102pt x 71.70888pt.

Underfull \hbox (badness 10000) in paragraph at lines 959--963

 []

[25] [26 <./images/t_login.jpg> <./images/t_main.jpg> <./images/t_enterdata.jpg
> <./images/t_enterdata1.jpg> <./images/t_enterdata2.jpg>] [27 <./images/t_gene
ratedata1.jpg> <./images/t_generatedata2.jpg> <./images/t_generatedata3.jpg> <.
/images/t_csv1.jpg> <./images/t_csv2.jpg> <./images/t_csv3.jpg>] [28 <./images/
a1.jpg> <./images/a2.jpg> <./images/a3.jpg>] [29 <./images/a4.jpg> <./images/a5
.jpg> <./images/a6.jpg>] [30 <./images/olddata1.jpg> <./images/olddata2.jpg> <.
/images/olddata3.jpg>] [31 <./images/ed1.jpg> <./images/ed2.jpg> <./images/ed3.
jpg> <./images/ed4.jpg> <./images/ed5.jpg>] [32 <./images/ll1.jpg> <./images/ll
2.jpg> <./images/ll3.jpg> <./images/ll4.jpg>]
Underfull \hbox (badness 10000) in paragraph at lines 982--983

 []


Underfull \hbox (badness 2057) in paragraph at lines 984--988
\T1/cmr/m/n/12 2. En-ter the user-name
 []


Underfull \hbox (badness 2443) in paragraph at lines 984--988
\T1/cmr/m/n/12 3. En-ter the pass-word
 []


Underfull \hbox (badness 10000) in paragraph at lines 984--988

 []


Underfull \hbox (badness 10000) in paragraph at lines 990--991

 []

<images/fl1.jpg, id=642, 454.69875pt x 349.305pt>
File: images/fl1.jpg Graphic file (type jpg)
<use images/fl1.jpg>
Package pdftex.def Info: images/fl1.jpg  used on input line 995.
(pdftex.def)             Requested size: 113.81102pt x 87.42729pt.
<images/fl2.jpg, id=643, 454.69875pt x 349.305pt>
File: images/fl2.jpg Graphic file (type jpg)
<use images/fl2.jpg>
Package pdftex.def Info: images/fl2.jpg  used on input line 996.
(pdftex.def)             Requested size: 113.81102pt x 87.42729pt.

Underfull \hbox (badness 10000) in paragraph at lines 995--997

 []


Underfull \hbox (badness 10000) in paragraph at lines 1003--1004

 []


Underfull \hbox (badness 1314) in paragraph at lines 1005--1008
[]\T1/cmr/m/n/12 1. Se-lect the op-tion of
 []


Underfull \hbox (badness 7504) in paragraph at lines 1005--1008
\T1/cmr/m/n/12 "En-ter Data" from the
 []


Underfull \hbox (badness 10000) in paragraph at lines 1005--1008

 []


Underfull \hbox (badness 10000) in paragraph at lines 1009--1010

 []

<images/fe1.jpg, id=644, 1508.63625pt x 951.555pt>
File: images/fe1.jpg Graphic file (type jpg)
<use images/fe1.jpg>
Package pdftex.def Info: images/fe1.jpg  used on input line 1014.
(pdftex.def)             Requested size: 113.81102pt x 71.7846pt.
<images/fe2.jpg, id=645, 1508.63625pt x 951.555pt>
File: images/fe2.jpg Graphic file (type jpg)
<use images/fe2.jpg>
Package pdftex.def Info: images/fe2.jpg  used on input line 1015.
(pdftex.def)             Requested size: 113.81102pt x 71.7846pt.

Underfull \hbox (badness 10000) in paragraph at lines 1014--1016

 []


Underfull \hbox (badness 7397) in paragraph at lines 1021--1021
[]|\T1/cmr/m/n/12 Select cvs file
 []


Underfull \hbox (badness 10000) in paragraph at lines 1021--1021
\T1/cmr/m/n/12 with in-val-i-date
 []


Underfull \hbox (badness 10000) in paragraph at lines 1024--1025

 []


Underfull \hbox (badness 1314) in paragraph at lines 1026--1029
[]\T1/cmr/m/n/12 1. Se-lect the op-tion of
 []


Underfull \hbox (badness 10000) in paragraph at lines 1026--1029

 []


Underfull \hbox (badness 10000) in paragraph at lines 1030--1031

 []

<images/ff1.jpg, id=646, 338.26375pt x 345.29pt>
File: images/ff1.jpg Graphic file (type jpg)
<use images/ff1.jpg>
Package pdftex.def Info: images/ff1.jpg  used on input line 1035.
(pdftex.def)             Requested size: 113.81102pt x 116.1747pt.
<images/ff2.jpg, id=647, 1508.63625pt x 951.555pt>
File: images/ff2.jpg Graphic file (type jpg)
<use images/ff2.jpg>
Package pdftex.def Info: images/ff2.jpg  used on input line 1036.
(pdftex.def)             Requested size: 113.81102pt x 71.7846pt.
<images/ff3.jpg, id=648, 1508.63625pt x 951.555pt>
File: images/ff3.jpg Graphic file (type jpg)
<use images/ff3.jpg>
Package pdftex.def Info: images/ff3.jpg  used on input line 1037.
(pdftex.def)             Requested size: 113.81102pt x 71.7846pt.

Underfull \hbox (badness 10000) in paragraph at lines 1035--1038

 []


Underfull \hbox (badness 10000) in paragraph at lines 1041--1041
\T1/cmr/m/n/12 data for the
 []


Underfull \hbox (badness 10000) in paragraph at lines 1044--1045

 []


Underfull \hbox (badness 1314) in paragraph at lines 1046--1049
[]\T1/cmr/m/n/12 1. Se-lect the op-tion of
 []


Underfull \hbox (badness 10000) in paragraph at lines 1046--1049

 []


Underfull \hbox (badness 10000) in paragraph at lines 1050--1051

 []

<images/gg1.jpg, id=649, 1508.63625pt x 950.55125pt>
File: images/gg1.jpg Graphic file (type jpg)
<use images/gg1.jpg>
Package pdftex.def Info: images/gg1.jpg  used on input line 1056.
(pdftex.def)             Requested size: 113.81102pt x 71.70888pt.
<images/gg2.jpg, id=650, 1508.63625pt x 950.55125pt>
File: images/gg2.jpg Graphic file (type jpg)
<use images/gg2.jpg>
Package pdftex.def Info: images/gg2.jpg  used on input line 1057.
(pdftex.def)             Requested size: 113.81102pt x 71.70888pt.

Underfull \hbox (badness 10000) in paragraph at lines 1056--1058

 []

[33 <./images/fl1.jpg> <./images/fl2.jpg>] [34 <./images/fe1.jpg> <./images/fe2
.jpg> <./images/ff1.jpg> <./images/ff2.jpg> <./images/ff3.jpg>] [35 <./images/g
g1.jpg> <./images/gg2.jpg>] [36] [37 <./images/code.jpg>] [38 <./images/autotes
t.jpg> <./images/testcode.jpg>]
Chapter 4.
[39

] [40] [41] [42] [43] [44]
Chapter 5.
[45

] [46] [47]
pdfTeX warning (ext4): destination with the same identifier (name{equation.5.2.
1}) has been already used, duplicate ignored
<to be read again> 
                   \relax 
l.1379 	\begin{equation}
                        
pdfTeX warning (ext4): destination with the same identifier (name{equation.5.2.
1}) has been already used, duplicate ignored
<to be read again> 
                   \relax 
l.1379 	\begin{equation}
                        
pdfTeX warning (ext4): destination with the same identifier (name{equation.5.2.
1}) has been already used, duplicate ignored
<to be read again> 
                   \relax 
l.1379 	\begin{equation}
                        
pdfTeX warning (ext4): destination with the same identifier (name{equation.5.2.
1}) has been already used, duplicate ignored
<to be read again> 
                   \relax 
l.1379 	\begin{equation}
                        
<images/uml.jpg, id=742, 770.88pt x 713.66624pt>
File: images/uml.jpg Graphic file (type jpg)
<use images/uml.jpg>
Package pdftex.def Info: images/uml.jpg  used on input line 1386.
(pdftex.def)             Requested size: 362.37569pt x 335.47762pt.
 [48 <./images/uml.jpg>] [49] [50] [51] [52] [53]
[54] [55] [56] [57]
Chapter 6.
[58

]
Overfull \hbox (4.19135pt too wide) in paragraph at lines 1655--1655
[]|\T1/cmr/bx/n/12 Package
 []


Underfull \hbox (badness 10000) in paragraph at lines 1655--1656
[]|\T1/cmr/bx/n/12 Physical
 []


Overfull \hbox (7.77061pt too wide) in paragraph at lines 1653--1682
 [][] 
 []


Overfull \hbox (4.19135pt too wide) in paragraph at lines 1689--1689
[]|\T1/cmr/bx/n/12 Package
 []


Underfull \hbox (badness 10000) in paragraph at lines 1689--1690
[]|\T1/cmr/bx/n/12 Physical
 []


Overfull \hbox (7.77061pt too wide) in paragraph at lines 1687--1698
 [][] 
 []


Overfull \hbox (4.19135pt too wide) in paragraph at lines 1705--1705
[]|\T1/cmr/bx/n/12 Package
 []


Underfull \hbox (badness 10000) in paragraph at lines 1705--1706
[]|\T1/cmr/bx/n/12 Physical
 []


Overfull \hbox (7.77061pt too wide) in paragraph at lines 1703--1716
 [][] 
 []


Overfull \hbox (4.19135pt too wide) in paragraph at lines 1723--1723
[]|\T1/cmr/bx/n/12 Package
 []


Underfull \hbox (badness 10000) in paragraph at lines 1723--1724
[]|\T1/cmr/bx/n/12 Physical
 []


Overfull \hbox (7.77061pt too wide) in paragraph at lines 1721--1734
 [][] 
 []


Overfull \hbox (4.19135pt too wide) in paragraph at lines 1741--1741
[]|\T1/cmr/bx/n/12 Package
 []


Underfull \hbox (badness 10000) in paragraph at lines 1741--1742
[]|\T1/cmr/bx/n/12 Physical
 []


Overfull \hbox (4.19135pt too wide) in paragraph at lines 1761--1761
[]|\T1/cmr/bx/n/12 Package
 []


Underfull \hbox (badness 10000) in paragraph at lines 1761--1762
[]|\T1/cmr/bx/n/12 Physical
 []


Overfull \hbox (4.19135pt too wide) in paragraph at lines 1787--1787
[]|\T1/cmr/bx/n/12 Package
 []


Underfull \hbox (badness 10000) in paragraph at lines 1787--1788
[]|\T1/cmr/bx/n/12 Physical
 []


Overfull \hbox (3.85597pt too wide) in paragraph at lines 1801--1801
[]|\T1/cmr/m/n/12 save_results_to_excel| 
 []


Overfull \hbox (4.19135pt too wide) in paragraph at lines 1817--1817
[]|\T1/cmr/bx/n/12 Package
 []


Underfull \hbox (badness 10000) in paragraph at lines 1817--1818
[]|\T1/cmr/bx/n/12 Physical
 []

[59] [60] [61]
Underfull \hbox (badness 10000) in paragraph at lines 1853--1854
[]|\T1/cmr/bx/n/12 Logical
 []


Underfull \hbox (badness 10000) in paragraph at lines 1887--1888
[]|\T1/cmr/bx/n/12 Logical
 []


Underfull \hbox (badness 10000) in paragraph at lines 1903--1904
[]|\T1/cmr/bx/n/12 Logical
 []


Underfull \hbox (badness 10000) in paragraph at lines 1921--1922
[]|\T1/cmr/bx/n/12 Logical
 []


Underfull \hbox (badness 10000) in paragraph at lines 1939--1940
[]|\T1/cmr/bx/n/12 Logical
 []


Underfull \hbox (badness 10000) in paragraph at lines 1959--1960
[]|\T1/cmr/bx/n/12 Logical
 []


Underfull \hbox (badness 10000) in paragraph at lines 1985--1986
[]|\T1/cmr/bx/n/12 Logical
 []


Overfull \hbox (3.85597pt too wide) in paragraph at lines 1999--1999
[]|\T1/cmr/m/n/12 save_results_to_excel| 
 []


Underfull \hbox (badness 10000) in paragraph at lines 2015--2016
[]|\T1/cmr/bx/n/12 Logical
 []

[62] [63] [64] [65] [66] [67]
Chapter 7.
<images/ScatterPlot.png, id=917, 851.18pt x 453.695pt>
File: images/ScatterPlot.png Graphic file (type png)
<use images/ScatterPlot.png>
Package pdftex.def Info: images/ScatterPlot.png  used on input line 2089.
(pdftex.def)             Requested size: 362.37569pt x 193.15358pt.

LaTeX Warning: `h' float specifier changed to `ht'.

[68

] [69 <./images/ScatterPlot.png>]
<images/HistoWMC.png, id=926, 330.9966pt x 217.7736pt>
File: images/HistoWMC.png Graphic file (type png)
<use images/HistoWMC.png>
Package pdftex.def Info: images/HistoWMC.png  used on input line 2127.
(pdftex.def)             Requested size: 362.37569pt x 238.43517pt.
<images/HIstoSLOC.png, id=927, 362.3136pt x 217.7736pt>
File: images/HIstoSLOC.png Graphic file (type png)
<use images/HIstoSLOC.png>
Package pdftex.def Info: images/HIstoSLOC.png  used on input line 2134.
(pdftex.def)             Requested size: 362.37569pt x 217.8096pt.


LaTeX Warning: `h' float specifier changed to `ht'.

[70 <./images/HistoWMC.png>] [71 <./images/HIstoSLOC.png>]
Chapter 8.
[72

] (./main.aux)
 ***********
LaTeX2e <2023-11-01>
L3 programming layer <2023-11-09>
 ***********
Package rerunfilecheck Info: File `main.out' has not changed.
(rerunfilecheck)             Checksum: 11402E45C2302209DF2B099DE2016457;5603.
 ) 
Here is how much of TeX's memory you used:
 17009 strings out of 474267
 265760 string characters out of 5742919
 2071558 words of memory out of 5000000
 38508 multiletter control sequences out of 15000+600000
 575740 words of font info for 81 fonts, out of 8000000 for 9000
 1141 hyphenation exceptions out of 8191
 70i,11n,79p,1022b,2233s stack positions out of 10000i,1000n,20000p,200000b,200000s
<d:/software/texlive/texlive/2023/texmf-dist/fonts/type1/public/amsfonts/cm/c
mex10.pfb><d:/software/texlive/texlive/2023/texmf-dist/fonts/type1/public/amsfo
nts/cm/cmmi12.pfb><d:/software/texlive/texlive/2023/texmf-dist/fonts/type1/publ
ic/amsfonts/cm/cmmi8.pfb><d:/software/texlive/texlive/2023/texmf-dist/fonts/typ
e1/public/amsfonts/cm/cmr12.pfb><d:/software/texlive/texlive/2023/texmf-dist/fo
nts/type1/public/amsfonts/cm/cmr6.pfb><d:/software/texlive/texlive/2023/texmf-d
ist/fonts/type1/public/amsfonts/cm/cmr8.pfb><d:/software/texlive/texlive/2023/t
exmf-dist/fonts/type1/public/amsfonts/cm/cmsy10.pfb><d:/software/texlive/texliv
e/2023/texmf-dist/fonts/type1/public/amsfonts/cm/cmsy8.pfb><d:/software/texlive
/texlive/2023/texmf-dist/fonts/type1/public/cm-super/sfbx1200.pfb><d:/software/
texlive/texlive/2023/texmf-dist/fonts/type1/public/cm-super/sfbx1440.pfb><d:/so
ftware/texlive/texlive/2023/texmf-dist/fonts/type1/public/cm-super/sfbx1728.pfb
><d:/software/texlive/texlive/2023/texmf-dist/fonts/type1/public/cm-super/sfbx2
488.pfb><d:/software/texlive/texlive/2023/texmf-dist/fonts/type1/public/cm-supe
r/sfrm0600.pfb><d:/software/texlive/texlive/2023/texmf-dist/fonts/type1/public/
cm-super/sfrm1200.pfb><d:/software/texlive/texlive/2023/texmf-dist/fonts/type1/
public/cm-super/sfrm1440.pfb><d:/software/texlive/texlive/2023/texmf-dist/fonts
/type1/public/cm-super/sfrm1728.pfb><d:/software/texlive/texlive/2023/texmf-dis
t/fonts/type1/public/cm-super/sfti1200.pfb><d:/software/texlive/texlive/2023/te
xmf-dist/fonts/type1/public/cm-super/sftt1000.pfb><d:/software/texlive/texlive/
2023/texmf-dist/fonts/type1/public/cm-super/sftt1440.pfb>
Output written on main.pdf (75 pages, 6611473 bytes).
PDF statistics:
 1132 PDF objects out of 1200 (max. 8388607)
 955 compressed objects within 10 object streams
 462 named destinations out of 1000 (max. 500000)
 494 words of extra memory for PDF output out of 10000 (max. 10000000)

